[debug] [2018-05-16T12:49:11.822Z] ----------------------------------------------------------------------
[debug] [2018-05-16T12:49:11.826Z] Command:       /usr/local/bin/node /usr/local/bin/firebase deploy
[debug] [2018-05-16T12:49:11.827Z] CLI Version:   3.18.4
[debug] [2018-05-16T12:49:11.827Z] Platform:      darwin
[debug] [2018-05-16T12:49:11.827Z] Node Version:  v6.10.1
[debug] [2018-05-16T12:49:11.827Z] Time:          Wed May 16 2018 07:49:11 GMT-0500 (CDT)
[debug] [2018-05-16T12:49:11.827Z] ----------------------------------------------------------------------
[debug] 
[debug] [2018-05-16T12:49:11.847Z] > command requires scopes: ["email","openid","https://www.googleapis.com/auth/cloudplatformprojects.readonly","https://www.googleapis.com/auth/firebase","https://www.googleapis.com/auth/cloud-platform"]
[debug] [2018-05-16T12:49:11.847Z] > authorizing via signed-in user
[debug] [2018-05-16T12:49:11.851Z] >>> HTTP REQUEST GET https://admin.firebase.com/v1/projects/kd-site  
  
 Wed May 16 2018 07:49:11 GMT-0500 (CDT)
[debug] [2018-05-16T12:49:12.215Z] <<< HTTP RESPONSE 200
[debug] [2018-05-16T12:49:12.216Z] >>> HTTP REQUEST GET https://admin.firebase.com/v1/database/kd-site/tokens  
  
 Wed May 16 2018 07:49:12 GMT-0500 (CDT)
[debug] [2018-05-16T12:49:12.844Z] <<< HTTP RESPONSE 200
[info] 
[info] === Deploying to 'kd-site'...
[info] 
[info] i  deploying hosting
[info] i  hosting: preparing dist directory for upload...
[debug] [2018-05-16T12:49:17.884Z] >>> HTTP REQUEST PUT https://deploy.firebase.com/v1/hosting/kd-site/uploads/-LCczp7eP2r5n0ldQMyF?fileCount=96&message=  
  
 Wed May 16 2018 07:49:17 GMT-0500 (CDT)
